Arguments: 
  C:\Program Files\nodejs\node.exe C:\Users\Administrator\AppData\Roaming\npm\node_modules\yarn\bin\yarn.js add element-plus --d

PATH: 
  D:\project\eagle-eye-next\node_modules\.bin;C:\Python310\Scripts\;C:\Python310\;C:\Program Files (x86)\VMware\VMware Workstation\bin\;C:\Python39\Scripts\;C:\Python39\;C:\WINDOWS\system32;C:\WINDOWS;C:\WINDOWS\System32\Wbem;C:\WINDOWS\System32\WindowsPowerShell\v1.0\;C:\WINDOWS\System32\OpenSSH\;C:\Program Files\Git\cmd;C:\ProgramData\chocolatey\bin;C:\Program Files (x86)\NetSarang\Xshell 7\;C:\Program Files\nodejs\;C:\Program Files\JetBrains\WebStorm 2021.1.2\bin;;C:\Users\Administrator\AppData\Local\Microsoft\WindowsApps;C:\Users\Administrator\AppData\Roaming\npm

Yarn version: 
  1.22.10

Node version: 
  14.15.0

Platform: 
  win32 x64

Trace: 
  Error: EEXIST: file already exists, mkdir 'D:\project\eagle-eye-next\node_modules\ts-jest\node_modules'

npm manifest: 
  {
    "name": "hermit-front",
    "version": "1.0.0",
    "scripts": {
      "serve:dev": "vite --host --mode development",
      "serve:stage": "vite --host --mode staging",
      "serve:pretest": "vite --host --mode pretest",
      "serve:prod": "vite --host --mode production",
      "build:dev": "vite build --mode development",
      "build:stage": "vite build --mode staging",
      "build:prod": "vite build --mode production",
      "build:pretest": "vite build --mode pretest",
      "lint:style": "stylelint src/**/*.{html,vue,css}",
      "lint:style-fix": "stylelint --fix src/**/*.{html,vue,css}"
    },
    "dependencies": {
      "@antv/data-set": "^0.11.8",
      "@antv/g2": "^4.1.32",
      "@types/qs": "^6.9.7",
      "@vueuse/core": "^7.3.0",
      "animate.css": "^4.1.1",
      "axios": "^0.24.0",
      "html2canvas": "^1.3.3",
      "js-base64": "^3.7.2",
      "node-sass": "^4.14.1",
      "qs": "^6.10.1",
      "sass-loader": "^9.0.2",
      "swiper": "^7.3.2",
      "three": "^0.137.0",
      "vue": "^3.2.23",
      "vue-i18n": "^9.2.0-beta.23",
      "vue-router": "4"
    },
    "devDependencies": {
      "@babel/core": "^7.16.0",
      "@babel/plugin-proposal-class-properties": "^7.16.0",
      "@babel/preset-env": "^7.16.0",
      "@babel/preset-typescript": "^7.16.0",
      "@testing-library/jest-dom": "^5.14.1",
      "@types/jest": "^27.0.2",
      "@types/marked": "^2.0.2",
      "@types/node": "^16.11.13",
      "@vitejs/plugin-vue": "^1.2.2",
      "@vitejs/plugin-vue-jsx": "^1.0.2",
      "@vue/babel-plugin-jsx": "^1.1.1",
      "@vue/compiler-sfc": "^3.0.5",
      "@vue/test-utils": "^2.0.0-rc.16",
      "babel-jest": "26.0.0",
      "jest": "26.0.0",
      "sass": "^1.49.0",
      "stylelint": "^13.13.1",
      "stylelint-config-prettier": "^9.0.3",
      "stylelint-config-recess-order": "^2.6.0",
      "stylelint-config-standard": "^22.0.0",
      "svg-sprite-loader": "^6.0.9",
      "ts-jest": "26.4.4",
      "typescript": "^4.1.3",
      "vite": "^2.2.3",
      "vite-plugin-style-import": "^0.10.0",
      "vite-plugin-windicss": "^1.6.3",
      "vue-jest": "^5.0.0-alpha.10",
      "vue-tsc": "^0.0.24",
      "windicss": "^3.4.3"
    }
  }

yarn manifest: 
  No manifest

Lockfile: 
  No lockfile
